Arguments: 
  /snap/node/5148/bin/node /snap/node/5148/bin/yarn.js global dir

PATH: 
  /home/soufiane/.nvm/versions/node/v16.1.0/bin:/home/soufiane/.local/bin:/usr/local/sbin:/usr/local/bin:/usr/sbin:/usr/bin:/sbin:/bin:/usr/games:/usr/local/games:/snap/bin:/media/soufiane/New Volume/frontEnd/flutter/flutter/bin:/home/soufiane/.genymotion:/usr/lib/jvm/jdk1.8.0/bin://usr/lib/jvm/jdk1.8.0/jre/bin:/home/soufiane/Android/Sdk/platform-tools:/home/soufiane/Android/Sdk/tools:/home/soufiane/Android/Sdk/build-tools/29.0.2/

Yarn version: 
  1.22.5

Node version: 
  14.17.4

Platform: 
  linux x64

Trace: 
  Error: package.json: EACCES: permission denied, write
      at writeSync (fs.js:733:3)
      at SyncWriteStream._write (internal/fs/sync_write_stream.js:24:3)
      at writeOrBuffer (internal/streams/writable.js:358:12)
      at SyncWriteStream.Writable.write (internal/streams/writable.js:303:10)
      at ConsoleReporter.warn (/snap/node/5148/lib/cli.js:96792:17)
      at warn (/snap/node/5148/lib/cli.js:51521:23)
      at cleanDependencies (/snap/node/5148/lib/cli.js:37540:11)
      at module.exports.exports.default (/snap/node/5148/lib/cli.js:37383:3)
      at /snap/node/5148/lib/cli.js:51532:51
      at Generator.next (<anonymous>)

npm manifest: 
  {
      "name": "angle",
      "version": "0.0.0",
      "description": "",
      "author": "@themicon_co",
      "license": "https://wrapbootstrap.com/help/licenses",
      "private": true,
      "scripts": {
          "runpkg": "ng add ng-zorro-antd",
          "ng": "ng",
          "start": "ng serve --host 0.0.0.0 --port 3333",
          "build": "ng build --prod",
          "test": "ng test",
          "lint": "ng lint",
          "modernizr": "modernizr -c modernizr-config.json -d src/modernizr.js",
          "postinstall": "node ./node_modules/protractor/bin/webdriver-manager update",
          "e2e": "ng e2e",
          "compile:server": "webpack --config webpack.server.config.js --progress --colors",
          "serve:ssr": "node dist/server",
          "build:ssr": "npm run build:client-and-server-bundles && npm run compile:server",
          "build:client-and-server-bundles": "ng build --prod && ng run ng2angle:server:production --bundleDependencies all"
      },
      "dependencies": {
          "@agm/core": "1.0.0-beta.5",
          "@angular-devkit/schematics": "^11.1.2",
          "@angular/animations": "11.2.14",
          "@angular/cli": "^11.2.13",
          "@angular/common": "11.2.14",
          "@angular/compiler": "11.2.14",
          "@angular/core": "^11.2.14",
          "@angular/forms": "11.2.14",
          "@angular/localize": "^11.2.14",
          "@angular/platform-browser": "11.2.14",
          "@angular/platform-browser-dynamic": "11.2.14",
          "@angular/platform-server": "^11.2.14",
          "@angular/router": "11.2.14",
          "@fortawesome/fontawesome-free": "5.5.0",
          "@ng-idle/core": "^10.0.0-beta.1",
          "@ng-idle/keepalive": "^10.0.0-beta.1",
          "@nguniversal/common": "^10.1.0",
          "@nguniversal/express-engine": "^8.1.1",
          "@nguniversal/module-map-ngfactory-loader": "8.1.1",
          "@ngx-translate/core": "11.0.1",
          "@ngx-translate/http-loader": "4.0.0",
          "@swimlane/ngx-datatable": "14.0.0",
          "@types/jquery": "3.3.33",
          "ag-grid-angular": "19.1.2",
          "ag-grid-community": "19.1.3",
          "angular-tree-component": "8.5.6",
          "angular2-text-mask": "9.0.0",
          "angular2-toaster": "7.0.0",
          "bootstrap": "^4.6.0",
          "chart.js": "^2.9.4",
          "classlist.js": "1.1.20150312",
          "codemirror": "5.42.0",
          "core-js": "2.5.4",
          "easy-pie-chart": "2.1.7",
          "enhanced-resolve": "3.3.0",
          "express": "^4.15.2",
          "file-saver": "^2.0.5",
          "flot": "github:themicon/flot",
          "fullcalendar": "3.9.0",
          "highcharts": "^8.1.1",
          "highcharts-angular": "^2.4.0",
          "ika.jvectormap": "github:themicon/ika.jvectormap",
          "intl": "1.2.5",
          "jqcloud2": "2.0.3",
          "jquery": "^3.5.1",
          "jquery-slimscroll": "1.3.8",
          "jquery-sparkline": "2.4.0",
          "jquery.browser": "0.1.0",
          "jquery.flot.spline": "github:themicon/jquery.flot.spline",
          "jquery.flot.tooltip": "github:krzysu/flot.tooltip",
          "jqueryui": "^1.11.1",
          "karma-cli": "^2.0.0",
          "lodash": "^4.17.15",
          "modernizr": "^3.7.1",
          "moment": "2.22.2",
          "ng-multiselect-dropdown": "^0.2.14",
          "ng-zorro-antd": "^11.4.2",
          "ng2-charts": "1.6.0",
          "ng2-data-table": "^1.4.0",
          "ng2-dnd": "5.0.2",
          "ng2-file-upload": "1.3.0",
          "ng2-img-cropper": "0.9.0",
          "ng2-material-dropdown": "0.10.1",
          "ng2-table": "1.3.2",
          "ng2-validation": "4.2.0",
          "ngx-autosize": "^1.8.4",
          "ngx-avatar": "^3.7.0",
          "ngx-bootstrap": "5.2.0",
          "ngx-chips": "2.0.0-beta.0",
          "ngx-color-picker": "^11.0.0",
          "ngx-cookie": "^5.0.1",
          "ngx-cookie-service": "^2.4.0",
          "ngx-infinite-scroll": "6.0.1",
          "ngx-select-ex": "3.6.7",
          "ngx-summernote": "^0.8.4",
          "ngx-toastr": "^12.1.0",
          "popper.js": "^1.16.1",
          "rxjs": "6.5.3",
          "rxjs-compat": "6.1.0",
          "screenfull": "3.3.3",
          "simple-line-icons": "2.4.1",
          "source-sans-pro": "2.40.0",
          "spinkit": "1.2.5",
          "summernote": "^0.8.18",
          "sweetalert": "2.1.2",
          "ts-helpers": "1.1.1",
          "tslib": "^2.0.0",
          "weather-icons": "github:erikflowers/weather-icons",
          "web-animations-js": "^2.3.2",
          "zone.js": "~0.10.2"
      },
      "devDependencies": {
          "@angular-devkit/build-angular": "~0.1102.13",
          "@angular/compiler-cli": "^11.2.14",
          "@angular/language-service": "11.2.14",
          "@types/codemirror": "0.0.67",
          "@types/jasmine": "~3.6.0",
          "@types/jasminewd2": "2.0.3",
          "@types/lodash": "4.14.118",
          "@types/node": "^12.11.1",
          "codelyzer": "^6.0.0",
          "jasmine-core": "~3.6.0",
          "jasmine-spec-reporter": "~5.0.0",
          "karma": "~6.3.2",
          "karma-chrome-launcher": "~3.1.0",
          "karma-cli": "1.0.1",
          "karma-coverage-istanbul-reporter": "~3.0.2",
          "karma-jasmine": "~4.0.0",
          "karma-jasmine-html-reporter": "^1.5.0",
          "karma-read-json": "1.1.0",
          "loaders.css": "0.1.2",
          "protractor": "~7.0.0",
          "ts-loader": "^5.2.0",
          "ts-node": "7.0.0",
          "tslint": "~6.1.0",
          "typescript": "4.0.7",
          "webdriver-manager": "10.2.5",
          "webpack-cli": "^3.1.0"
      }
  }

yarn manifest: 
  No manifest

Lockfile: 
  No lockfile
